<?xml version="1.0" encoding="UTF-8"?>
<!-- Generated by org.testng.reporters.JUnitXMLReporter -->
<testsuite ignored="9" hostname="LAPTOP-7LMOGP27" failures="0" tests="0" time="0.011" errors="0" timestamp="2024-11-03T16:34:18 EST">
  <testcase classname="com.crm.qa.testcases.LoginPageTest" name="loginPagetitleTest" time="0.0">
    <ignored/>
  </testcase> <!-- loginPagetitleTest -->
  <testcase classname="com.crm.qa.testcases.ContactsPageTest" name="verifyCreateNewContactsTestUsingDDT" time="0.0">
    <ignored/>
  </testcase> <!-- verifyCreateNewContactsTestUsingDDT -->
  <testcase classname="com.crm.qa.testcases.LoginPageTest" name="loginTest" time="0.0">
    <ignored/>
  </testcase> <!-- loginTest -->
  <testcase classname="com.crm.qa.testcases.HomePageTest" name="homePageTitleTest" time="0.0">
    <ignored/>
  </testcase> <!-- homePageTitleTest -->
  <testcase classname="com.crm.qa.testcases.ContactsPageTest" name="verifyContactsPageLabelTest" time="0.0">
    <ignored/>
  </testcase> <!-- verifyContactsPageLabelTest -->
  <testcase classname="com.crm.qa.testcases.LoginPageTest" name="crmLogoImageTest" time="0.0">
    <ignored/>
  </testcase> <!-- crmLogoImageTest -->
  <testcase classname="com.crm.qa.testcases.HomePageTest" name="contactsPageLink" time="0.0">
    <ignored/>
  </testcase> <!-- contactsPageLink -->
  <testcase classname="com.crm.qa.testcases.HomePageTest" name="userNameLabelTest" time="0.0">
    <ignored/>
  </testcase> <!-- userNameLabelTest -->
  <testcase classname="com.crm.qa.testcases.HomePageTest" name="verifyNewDealslink" time="0.0">
    <ignored/>
  </testcase> <!-- verifyNewDealslink -->
</testsuite>
