<?xml version="1.0" encoding="UTF-8"?>
<!-- Generated by org.testng.reporters.JUnitXMLReporter -->
<testsuite ignored="2" hostname="LAPTOP-7LMOGP27" failures="0" tests="1" name="Free CRM App Test Cases 1" time="5.752" errors="0" timestamp="2024-10-28T16:25:36 EDT">
  <testcase classname="com.crm.qa.testcases.HomePageTest" name="homePageTitleTest" time="0.001">
    <skipped/>
  </testcase> <!-- homePageTitleTest -->
  <testcase classname="com.crm.qa.testcases.HomePageTest" name="userNameLabelTest" time="0.0">
    <ignored/>
  </testcase> <!-- userNameLabelTest -->
  <testcase classname="com.crm.qa.testcases.HomePageTest" name="contactsPageLink" time="0.0">
    <ignored/>
  </testcase> <!-- contactsPageLink -->
</testsuite> <!-- Free CRM App Test Cases 1 -->
