<?xml version="1.0" encoding="UTF-8"?>
<!-- Generated by org.testng.reporters.JUnitXMLReporter -->
<testsuite ignored="1" hostname="LAPTOP-7LMOGP27" failures="0" tests="3" name="Free CRM App Test Cases 3" time="198.647" errors="0" timestamp="2024-10-28T16:28:49 EDT">
  <testcase classname="com.crm.qa.testcases.ContactsPageTest" name="verifyCreateNewContactsTestUsingDDT" time="0.0">
    <skipped/>
  </testcase> <!-- verifyCreateNewContactsTestUsingDDT -->
  <testcase classname="com.crm.qa.testcases.ContactsPageTest" name="verifyCreateNewContactsTestUsingDDT" time="0.0">
    <skipped/>
  </testcase> <!-- verifyCreateNewContactsTestUsingDDT -->
  <testcase classname="com.crm.qa.testcases.ContactsPageTest" name="verifyCreateNewContactsTestUsingDDT" time="0.0">
    <skipped/>
  </testcase> <!-- verifyCreateNewContactsTestUsingDDT -->
  <testcase classname="com.crm.qa.testcases.ContactsPageTest" name="verifyContactsPageLabelTest" time="0.0">
    <ignored/>
  </testcase> <!-- verifyContactsPageLabelTest -->
</testsuite> <!-- Free CRM App Test Cases 3 -->
