<?xml version="1.0" encoding="UTF-8"?>
<!-- Generated by org.testng.reporters.JUnitXMLReporter -->
<testsuite ignored="0" hostname="LAPTOP-7LMOGP27" failures="0" tests="2" name="Default test" time="30.921" errors="0" timestamp="2024-11-05T15:57:49 EST">
  <testcase classname="com.crm.qa.testcases.DealsPageTest" name="verifyNewDealsFormUsingExcel" time="6.637"/>
  <testcase classname="com.crm.qa.testcases.DealsPageTest" name="verifyNewDealsFormUsingExcel" time="9.857"/>
</testsuite> <!-- Default test -->
