<?xml version="1.0" encoding="UTF-8"?>
<!-- Generated by org.testng.reporters.JUnitXMLReporter -->
<testsuite ignored="0" hostname="LAPTOP-7LMOGP27" failures="0" tests="3" name="Default test" time="16.229" errors="0" timestamp="2024-09-30T16:31:46 EDT">
  <testcase classname="com.crm.qa.testcases.LoginPageTest" name="crmLogoImageTest" time="0.084"/>
  <testcase classname="com.crm.qa.testcases.LoginPageTest" name="loginPagetitleTest" time="0.014"/>
  <testcase classname="com.crm.qa.testcases.LoginPageTest" name="loginTest" time="4.068"/>
</testsuite> <!-- Default test -->
