<?xml version="1.0" encoding="UTF-8"?>
<!-- Generated by org.testng.reporters.JUnitXMLReporter -->
<testsuite ignored="5" hostname="LAPTOP-7LMOGP27" failures="0" tests="5" name="GRP-smoke" time="53.326" errors="0" timestamp="2024-10-08T22:16:56 EDT">
  <testcase classname="com.crm.qa.testcases.HomePageTest" name="homePageTitleTest" time="0.015"/>
  <testcase classname="com.crm.qa.testcases.ContactsPageTest" name="verifyCreateNewContactsTestUsingDDT" time="3.199"/>
  <testcase classname="com.crm.qa.testcases.ContactsPageTest" name="verifyCreateNewContactsTestUsingDDT" time="3.105"/>
  <testcase classname="com.crm.qa.testcases.ContactsPageTest" name="verifyCreateNewContactsTestUsingDDT" time="2.855"/>
  <testcase classname="com.crm.qa.testcases.LoginPageTest" name="loginTest" time="5.267"/>
  <testcase classname="com.crm.qa.testcases.HomePageTest" name="userNameLabelTest" time="0.0">
    <ignored/>
  </testcase> <!-- userNameLabelTest -->
  <testcase classname="com.crm.qa.testcases.HomePageTest" name="contactsPageLink" time="0.0">
    <ignored/>
  </testcase> <!-- contactsPageLink -->
  <testcase classname="com.crm.qa.testcases.LoginPageTest" name="loginPagetitleTest" time="0.0">
    <ignored/>
  </testcase> <!-- loginPagetitleTest -->
  <testcase classname="com.crm.qa.testcases.ContactsPageTest" name="verifyContactsPageLabelTest" time="0.0">
    <ignored/>
  </testcase> <!-- verifyContactsPageLabelTest -->
  <testcase classname="com.crm.qa.testcases.LoginPageTest" name="crmLogoImageTest" time="0.0">
    <ignored/>
  </testcase> <!-- crmLogoImageTest -->
</testsuite> <!-- GRP-smoke -->
