<?xml version="1.0" encoding="UTF-8"?>
<!-- Generated by org.testng.reporters.JUnitXMLReporter -->
<testsuite ignored="3" hostname="LAPTOP-7LMOGP27" failures="0" tests="7" name="GRP-smoke,home" time="68.82" errors="0" timestamp="2024-10-26T13:47:36 EDT">
  <testcase classname="com.crm.qa.testcases.HomePageTest" name="homePageTitleTest" time="0.023"/>
  <testcase classname="com.crm.qa.testcases.HomePageTest" name="userNameLabelTest" time="0.039"/>
  <testcase classname="com.crm.qa.testcases.HomePageTest" name="contactsPageLink" time="0.789"/>
  <testcase classname="com.crm.qa.testcases.ContactsPageTest" name="verifyCreateNewContactsTestUsingDDT" time="3.678"/>
  <testcase classname="com.crm.qa.testcases.ContactsPageTest" name="verifyCreateNewContactsTestUsingDDT" time="2.878"/>
  <testcase classname="com.crm.qa.testcases.ContactsPageTest" name="verifyCreateNewContactsTestUsingDDT" time="3.056"/>
  <testcase classname="com.crm.qa.testcases.LoginPageTest" name="loginTest" time="4.256"/>
  <testcase classname="com.crm.qa.testcases.LoginPageTest" name="loginPagetitleTest" time="0.0">
    <ignored/>
  </testcase> <!-- loginPagetitleTest -->
  <testcase classname="com.crm.qa.testcases.ContactsPageTest" name="verifyContactsPageLabelTest" time="0.0">
    <ignored/>
  </testcase> <!-- verifyContactsPageLabelTest -->
  <testcase classname="com.crm.qa.testcases.LoginPageTest" name="crmLogoImageTest" time="0.0">
    <ignored/>
  </testcase> <!-- crmLogoImageTest -->
</testsuite> <!-- GRP-smoke,home -->
