<?xml version="1.0" encoding="UTF-8"?>
<!-- Generated by org.testng.reporters.JUnitXMLReporter -->
<testsuite ignored="2" hostname="LAPTOP-7LMOGP27" failures="0" tests="1" name="GRP-lg02" time="4.512" errors="0" timestamp="2024-09-30T16:41:27 EDT">
  <testcase classname="com.crm.qa.testcases.LoginPageTest" name="crmLogoImageTest" time="0.067"/>
  <testcase classname="com.crm.qa.testcases.LoginPageTest" name="loginTest" time="0.0">
    <ignored/>
  </testcase> <!-- loginTest -->
  <testcase classname="com.crm.qa.testcases.LoginPageTest" name="loginPagetitleTest" time="0.0">
    <ignored/>
  </testcase> <!-- loginPagetitleTest -->
</testsuite> <!-- GRP-lg02 -->
