<?xml version="1.0" encoding="UTF-8"?>
<!-- Generated by org.testng.reporters.JUnitXMLReporter -->
<testsuite ignored="4" hostname="LAPTOP-7LMOGP27" failures="0" tests="5" name="GRP-smoke" time="53.316" errors="0" timestamp="2024-10-01T15:24:42 EDT">
  <testcase classname="com.crm.qa.testcases.HomePageTest" name="homePageTitleTest" time="0.032"/>
  <testcase classname="com.crm.qa.testcases.ContactsPageTest" name="verifyCreateNewContactsTestUsingDDT" time="3.633"/>
  <testcase classname="com.crm.qa.testcases.ContactsPageTest" name="verifyCreateNewContactsTestUsingDDT" time="3.107"/>
  <testcase classname="com.crm.qa.testcases.ContactsPageTest" name="verifyCreateNewContactsTestUsingDDT" time="3.049"/>
  <testcase classname="com.crm.qa.testcases.LoginPageTest" name="loginTest" time="4.017"/>
  <testcase classname="com.crm.qa.testcases.HomePageTest" name="contactsPageLink" time="0.0">
    <ignored/>
  </testcase> <!-- contactsPageLink -->
  <testcase classname="com.crm.qa.testcases.LoginPageTest" name="crmLogoImageTest" time="0.0">
    <ignored/>
  </testcase> <!-- crmLogoImageTest -->
  <testcase classname="com.crm.qa.testcases.LoginPageTest" name="loginPagetitleTest" time="0.0">
    <ignored/>
  </testcase> <!-- loginPagetitleTest -->
  <testcase classname="com.crm.qa.testcases.HomePageTest" name="userNameLabelTest" time="0.0">
    <ignored/>
  </testcase> <!-- userNameLabelTest -->
</testsuite> <!-- GRP-smoke -->
