<?xml version="1.0" encoding="UTF-8"?>
<testng-results ignored="0" total="2" passed="2" failed="0" skipped="0">
  <reporter-output>
  </reporter-output>
  <suite started-at="2024-11-05T15:57:18 EST" name="Default suite" finished-at="2024-11-05T15:57:49 EST" duration-ms="30921">
    <groups>
      <group name="deals">
        <method signature="DealsPageTest.verifyNewDealsFormUsingExcel(java.lang.String,java.lang.String,java.lang.String)[pri:0, instance:com.crm.qa.testcases.DealsPageTest@24105dc5]" name="verifyNewDealsFormUsingExcel" class="com.crm.qa.testcases.DealsPageTest"/>
      </group> <!-- deals -->
      <group name="dt01">
        <method signature="DealsPageTest.verifyNewDealsFormUsingExcel(java.lang.String,java.lang.String,java.lang.String)[pri:0, instance:com.crm.qa.testcases.DealsPageTest@24105dc5]" name="verifyNewDealsFormUsingExcel" class="com.crm.qa.testcases.DealsPageTest"/>
      </group> <!-- dt01 -->
    </groups>
    <test started-at="2024-11-05T15:57:18 EST" name="Default test" finished-at="2024-11-05T15:57:49 EST" duration-ms="30921">
      <class name="com.crm.qa.testcases.DealsPageTest">
        <test-method is-config="true" signature="setUp()[pri:0, instance:com.crm.qa.testcases.DealsPageTest@24105dc5]" started-at="2024-11-05T15:57:18 EST" name="setUp" finished-at="2024-11-05T15:57:26 EST" duration-ms="8194" status="PASS">
          <reporter-output>
          </reporter-output>
        </test-method> <!-- setUp -->
        <test-method signature="verifyNewDealsFormUsingExcel(java.lang.String,java.lang.String,java.lang.String)[pri:0, instance:com.crm.qa.testcases.DealsPageTest@24105dc5]" started-at="2024-11-05T15:57:26 EST" name="verifyNewDealsFormUsingExcel" data-provider="getTestData" finished-at="2024-11-05T15:57:33 EST" duration-ms="6637" status="PASS">
          <params>
            <param index="0">
              <value>
                <![CDATA[Lindt]]>
              </value>
            </param>
            <param index="1">
              <value>
                <![CDATA[Meera]]>
              </value>
            </param>
            <param index="2">
              <value>
                <![CDATA[8/8/2025]]>
              </value>
            </param>
          </params>
          <reporter-output>
          </reporter-output>
        </test-method> <!-- verifyNewDealsFormUsingExcel -->
        <test-method is-config="true" signature="tearDown()[pri:0, instance:com.crm.qa.testcases.DealsPageTest@24105dc5]" started-at="2024-11-05T15:57:33 EST" name="tearDown" finished-at="2024-11-05T15:57:33 EST" duration-ms="284" status="PASS">
          <reporter-output>
          </reporter-output>
        </test-method> <!-- tearDown -->
        <test-method is-config="true" signature="setUp()[pri:0, instance:com.crm.qa.testcases.DealsPageTest@24105dc5]" started-at="2024-11-05T15:57:33 EST" name="setUp" finished-at="2024-11-05T15:57:38 EST" duration-ms="4997" status="PASS">
          <reporter-output>
          </reporter-output>
        </test-method> <!-- setUp -->
        <test-method signature="verifyNewDealsFormUsingExcel(java.lang.String,java.lang.String,java.lang.String)[pri:0, instance:com.crm.qa.testcases.DealsPageTest@24105dc5]" started-at="2024-11-05T15:57:38 EST" name="verifyNewDealsFormUsingExcel" data-provider="getTestData" finished-at="2024-11-05T15:57:48 EST" duration-ms="9857" status="PASS">
          <params>
            <param index="0">
              <value>
                <![CDATA[Lindt]]>
              </value>
            </param>
            <param index="1">
              <value>
                <![CDATA[Ben]]>
              </value>
            </param>
            <param index="2">
              <value>
                <![CDATA[11/11/2025]]>
              </value>
            </param>
          </params>
          <reporter-output>
          </reporter-output>
        </test-method> <!-- verifyNewDealsFormUsingExcel -->
        <test-method is-config="true" signature="tearDown()[pri:0, instance:com.crm.qa.testcases.DealsPageTest@24105dc5]" started-at="2024-11-05T15:57:48 EST" name="tearDown" finished-at="2024-11-05T15:57:49 EST" duration-ms="341" status="PASS">
          <reporter-output>
          </reporter-output>
        </test-method> <!-- tearDown -->
      </class> <!-- com.crm.qa.testcases.DealsPageTest -->
    </test> <!-- Default test -->
  </suite> <!-- Default suite -->
</testng-results>
